#
# There is insufficient memory for the Java Runtime Environment to continue.
# Native memory allocation (mmap) failed to map 123731968 bytes for G1 virtual space
# Possible reasons:
#   The system is out of physical RAM or swap space
#   The process is running with CompressedOops enabled, and the Java Heap may be blocking the growth of the native heap
# Possible solutions:
#   Reduce memory load on the system
#   Increase physical memory or swap space
#   Check if swap backing store is full
#   Decrease Java heap size (-Xmx/-Xms)
#   Decrease number of Java threads
#   Decrease Java thread stack sizes (-Xss)
#   Set larger code cache with -XX:ReservedCodeCacheSize=
#   JVM is running with Unscaled Compressed Oops mode in which the Java heap is
#     placed in the first 4GB address space. The Java Heap base address is the
#     maximum limit for the native heap growth. Please use -XX:HeapBaseMinAddress
#     to set the Java Heap base and to place the Java Heap above 4GB virtual address.
# This output file may be truncated or incomplete.
#
#  Out of Memory Error (os_windows.cpp:3613), pid=25376, tid=30952
#
# JRE version:  (17.0.9+9) (build )
# Java VM: OpenJDK 64-Bit Server VM (17.0.9+9, mixed mode, sharing, tiered, compressed oops, compressed class ptrs, g1 gc, windows-amd64)
# No core dump will be written. Minidumps are not enabled by default on client versions of Windows
#

---------------  S U M M A R Y ------------

Command Line: -Dfile.encoding=UTF-8 -Dstdout.encoding=UTF-8 -Dstderr.encoding=UTF-8 -XX:+ShowCodeDetailsInExceptionMessages marking.Marker

Host: AMD Ryzen 5 4600H with Radeon Graphics         , 12 cores, 7G,  Windows 11 , 64 bit Build 22621 (10.0.22621.3085)
Time: Wed Apr  3 16:21:18 2024 Cen. Australia Daylight Time elapsed time: 0.029581 seconds (0d 0h 0m 0s)

---------------  T H R E A D  ---------------

Current thread (0x0000021fc62cb380):  JavaThread "Unknown thread" [_thread_in_vm, id=30952, stack(0x000000be04b00000,0x000000be04c00000)]

Stack: [0x000000be04b00000,0x000000be04c00000]
Native frames: (J=compiled Java code, j=interpreted, Vv=VM code, C=native code)
V  [jvm.dll+0x67cf49]
V  [jvm.dll+0x83478a]
V  [jvm.dll+0x83624e]
V  [jvm.dll+0x8368b3]
V  [jvm.dll+0x247f1f]
V  [jvm.dll+0x679d69]
V  [jvm.dll+0x66e6ba]
V  [jvm.dll+0x307e5b]
V  [jvm.dll+0x30f306]
V  [jvm.dll+0x35f0ce]
V  [jvm.dll+0x35f2ff]
V  [jvm.dll+0x2dea58]
V  [jvm.dll+0x2df9c4]
V  [jvm.dll+0x806031]
V  [jvm.dll+0x36cf31]
V  [jvm.dll+0x7e4aac]
V  [jvm.dll+0x3f07af]
V  [jvm.dll+0x3f23e1]
C  [jli.dll+0x528f]
C  [ucrtbase.dll+0x29363]
C  [KERNEL32.DLL+0x1257d]
C  [ntdll.dll+0x5aa58]


---------------  P R O C E S S  ---------------

Threads class SMR info:
_java_thread_list=0x00007fff919eee98, length=0, elements={
}

Java Threads: ( => current thread )

Other Threads:
  0x0000021fc6325eb0 GCTaskThread "GC Thread#0" [stack: 0x000000be04c00000,0x000000be04d00000] [id=16208]
  0x0000021fc63359c0 ConcurrentGCThread "G1 Main Marker" [stack: 0x000000be04d00000,0x000000be04e00000] [id=26080]
  0x0000021fc6336b80 ConcurrentGCThread "G1 Conc#0" [stack: 0x000000be04e00000,0x000000be04f00000] [id=9840]

[error occurred during error reporting (printing all threads), id 0xc0000005, EXCEPTION_ACCESS_VIOLATION (0xc0000005) at pc=0x00007fff911af497]

VM state: not at safepoint (not fully initialized)

VM Mutex/Monitor currently owned by a thread:  ([mutex/lock_event])
[0x0000021fc62c6c10] Heap_lock - owner thread: 0x0000021fc62cb380

Heap address: 0x000000008a200000, size: 1886 MB, Compressed Oops mode: 32-bit

CDS archive(s) mapped at: [0x0000000000000000-0x0000000000000000-0x0000000000000000), size 0, SharedBaseAddress: 0x0000000800000000, ArchiveRelocationMode: 1.
Narrow klass base: 0x0000000000000000, Narrow klass shift: 0, Narrow klass range: 0x0

GC Precious Log:
<Empty>

Heap:
 garbage-first heap   total 0K, used 0K [0x000000008a200000, 0x0000000100000000)
  region size 1024K, 0 young (0K), 0 survivors (0K)

[error occurred during error reporting (printing heap information), id 0xc0000005, EXCEPTION_ACCESS_VIOLATION (0xc0000005) at pc=0x00007fff91596c79]

GC Heap History (0 events):
No events

Dll operation events (1 events):
Event: 0.019 Loaded shared library C:\Users\bryan\AppData\Local\Programs\Eclipse Adoptium\jdk-17.0.9.9-hotspot\bin\java.dll

Deoptimization events (0 events):
No events

Classes unloaded (0 events):
No events

Classes redefined (0 events):
No events

Internal exceptions (0 events):
No events

VM Operations (0 events):
No events

Events (0 events):
No events


Dynamic libraries:
0x00007ff6e8520000 - 0x00007ff6e852e000 	C:\Users\bryan\AppData\Local\Programs\Eclipse Adoptium\jdk-17.0.9.9-hotspot\bin\javaw.exe
0x00007ff83eaf0000 - 0x00007ff83ed07000 	C:\WINDOWS\SYSTEM32\ntdll.dll
0x00007ff83d680000 - 0x00007ff83d744000 	C:\WINDOWS\System32\KERNEL32.DLL
0x00007ff83c200000 - 0x00007ff83c5a6000 	C:\WINDOWS\System32\KERNELBASE.dll
0x00007ff83c5b0000 - 0x00007ff83c6c1000 	C:\WINDOWS\System32\ucrtbase.dll
0x00007ffffe220000 - 0x00007ffffe23b000 	C:\Users\bryan\AppData\Local\Programs\Eclipse Adoptium\jdk-17.0.9.9-hotspot\bin\VCRUNTIME140.dll
0x00007ffffd040000 - 0x00007ffffd057000 	C:\Users\bryan\AppData\Local\Programs\Eclipse Adoptium\jdk-17.0.9.9-hotspot\bin\jli.dll
0x00007ff83d370000 - 0x00007ff83d51e000 	C:\WINDOWS\System32\USER32.dll
0x00007ff83be30000 - 0x00007ff83be56000 	C:\WINDOWS\System32\win32u.dll
0x00007ff822980000 - 0x00007ff822c13000 	C:\WINDOWS\WinSxS\amd64_microsoft.windows.common-controls_6595b64144ccf1df_6.0.22621.2506_none_270c5ae97388e100\COMCTL32.dll
0x00007ff83c880000 - 0x00007ff83c8a9000 	C:\WINDOWS\System32\GDI32.dll
0x00007ff83c020000 - 0x00007ff83c138000 	C:\WINDOWS\System32\gdi32full.dll
0x00007ff83cbc0000 - 0x00007ff83cc67000 	C:\WINDOWS\System32\msvcrt.dll
0x00007ff83bf50000 - 0x00007ff83bfea000 	C:\WINDOWS\System32\msvcp_win.dll
0x00007ff83c840000 - 0x00007ff83c871000 	C:\WINDOWS\System32\IMM32.DLL
0x00007ff820a00000 - 0x00007ff820a0c000 	C:\Users\bryan\AppData\Local\Programs\Eclipse Adoptium\jdk-17.0.9.9-hotspot\bin\vcruntime140_1.dll
0x00007fffe9c40000 - 0x00007fffe9ccd000 	C:\Users\bryan\AppData\Local\Programs\Eclipse Adoptium\jdk-17.0.9.9-hotspot\bin\msvcp140.dll
0x00007fff90ec0000 - 0x00007fff91b21000 	C:\Users\bryan\AppData\Local\Programs\Eclipse Adoptium\jdk-17.0.9.9-hotspot\bin\server\jvm.dll
0x00007ff83c9b0000 - 0x00007ff83ca63000 	C:\WINDOWS\System32\ADVAPI32.dll
0x00007ff83ddf0000 - 0x00007ff83de98000 	C:\WINDOWS\System32\sechost.dll
0x00007ff83bff0000 - 0x00007ff83c018000 	C:\WINDOWS\System32\bcrypt.dll
0x00007ff83d220000 - 0x00007ff83d337000 	C:\WINDOWS\System32\RPCRT4.dll
0x00007ff8346a0000 - 0x00007ff8346d4000 	C:\WINDOWS\SYSTEM32\WINMM.dll
0x00007ff83bd00000 - 0x00007ff83bd4d000 	C:\WINDOWS\SYSTEM32\POWRPROF.dll
0x00007ff834090000 - 0x00007ff83409a000 	C:\WINDOWS\SYSTEM32\VERSION.dll
0x00007fffed2a0000 - 0x00007fffed2a9000 	C:\WINDOWS\SYSTEM32\WSOCK32.dll
0x00007ff83d760000 - 0x00007ff83d7d1000 	C:\WINDOWS\System32\WS2_32.dll
0x00007ff83bce0000 - 0x00007ff83bcf3000 	C:\WINDOWS\SYSTEM32\UMPDC.dll
0x00007ff83ae70000 - 0x00007ff83ae88000 	C:\WINDOWS\SYSTEM32\kernel.appcore.dll
0x00007ff820890000 - 0x00007ff82089a000 	C:\Users\bryan\AppData\Local\Programs\Eclipse Adoptium\jdk-17.0.9.9-hotspot\bin\jimage.dll
0x00007ff832880000 - 0x00007ff832ab3000 	C:\WINDOWS\SYSTEM32\DBGHELP.DLL
0x00007ff83cc70000 - 0x00007ff83cff9000 	C:\WINDOWS\System32\combase.dll
0x00007ff83e050000 - 0x00007ff83e127000 	C:\WINDOWS\System32\OLEAUT32.dll
0x00007ff806740000 - 0x00007ff806772000 	C:\WINDOWS\SYSTEM32\dbgcore.DLL
0x00007ff83be60000 - 0x00007ff83beda000 	C:\WINDOWS\System32\bcryptPrimitives.dll
0x00007ffffb7e0000 - 0x00007ffffb805000 	C:\Users\bryan\AppData\Local\Programs\Eclipse Adoptium\jdk-17.0.9.9-hotspot\bin\java.dll

dbghelp: loaded successfully - version: 4.0.5 - missing functions: none
symbol engine: initialized successfully - sym options: 0x614 - pdb path: .;C:\Users\bryan\AppData\Local\Programs\Eclipse Adoptium\jdk-17.0.9.9-hotspot\bin;C:\WINDOWS\SYSTEM32;C:\WINDOWS\WinSxS\amd64_microsoft.windows.common-controls_6595b64144ccf1df_6.0.22621.2506_none_270c5ae97388e100;C:\Users\bryan\AppData\Local\Programs\Eclipse Adoptium\jdk-17.0.9.9-hotspot\bin\server

VM Arguments:
jvm_args: -Dfile.encoding=UTF-8 -Dstdout.encoding=UTF-8 -Dstderr.encoding=UTF-8 -XX:+ShowCodeDetailsInExceptionMessages 
java_command: marking.Marker
java_class_path (initial): C:\Users\bryan\OneDrive\Desktop\A1\bin
Launcher Type: SUN_STANDARD

[Global flags]
     intx CICompilerCount                          = 4                                         {product} {ergonomic}
     uint ConcGCThreads                            = 3                                         {product} {ergonomic}
     uint G1ConcRefinementThreads                  = 10                                        {product} {ergonomic}
   size_t G1HeapRegionSize                         = 1048576                                   {product} {ergonomic}
    uintx GCDrainStackTargetSize                   = 64                                        {product} {ergonomic}
   size_t InitialHeapSize                          = 123731968                                 {product} {ergonomic}
   size_t MarkStackSize                            = 4194304                                   {product} {ergonomic}
   size_t MaxHeapSize                              = 1977614336                                {product} {ergonomic}
   size_t MinHeapDeltaBytes                        = 1048576                                   {product} {ergonomic}
   size_t MinHeapSize                              = 8388608                                   {product} {ergonomic}
    uintx NonNMethodCodeHeapSize                   = 5839372                                {pd product} {ergonomic}
    uintx NonProfiledCodeHeapSize                  = 122909434                              {pd product} {ergonomic}
    uintx ProfiledCodeHeapSize                     = 122909434                              {pd product} {ergonomic}
    uintx ReservedCodeCacheSize                    = 251658240                              {pd product} {ergonomic}
     bool SegmentedCodeCache                       = true                                      {product} {ergonomic}
     bool ShowCodeDetailsInExceptionMessages       = true                                   {manageable} {command line}
   size_t SoftMaxHeapSize                          = 1977614336                             {manageable} {ergonomic}
     bool UseCompressedClassPointers               = true                           {product lp64_product} {ergonomic}
     bool UseCompressedOops                        = true                           {product lp64_product} {ergonomic}
     bool UseG1GC                                  = true                                      {product} {ergonomic}
     bool UseLargePagesIndividualAllocation        = false                                  {pd product} {ergonomic}

Logging:
Log output configuration:
 #0: stdout all=warning uptime,level,tags
 #1: stderr all=off uptime,level,tags

Environment Variables:
JAVA_HOME=C:\Users\bryan\AppData\Local\Programs\Eclipse Adoptium\jdk-17.0.9.9-hotspot\
PATH=C:\Program Files\Common Files\Oracle\Java\javapath;C:\windows\system32;C:\windows;C:\windows\System32\Wbem;C:\windows\System32\WindowsPowerShell\v1.0\;C:\windows\System32\OpenSSH\;C:\Program Files (x86)\NVIDIA Corporation\PhysX\Common;C:\Program Files\NVIDIA Corporation\NVIDIA NvDLISR;C:\WINDOWS\system32;C:\WINDOWS;C:\WINDOWS\System32\Wbem;C:\WINDOWS\System32\WindowsPowerShell\v1.0\;C:\WINDOWS\System32\OpenSSH\;C:\Program Files\Git\cmd;C:\Users\bryan\AppData\Roaming\nvm;C:\Program Files\nodejs;C:\Program Files\Microsoft SQL Server\Client SDK\ODBC\170\Tools\Binn\;C:\Program Files (x86)\Microsoft SQL Server\150\Tools\Binn\;C:\Program Files\Microsoft SQL Server\150\Tools\Binn\;C:\Program Files\Microsoft SQL Server\150\DTS\Binn\;C:\Program Files\Azure Data Studio\bin;C:\Program Files (x86)\Microsoft SQL Server\160\DTS\Binn\;C:\Program Files\dotnet\;C:\Program Files\nodejs\;C:\Program Files\HP\HP One Agent;C:\Users\bryan\AppData\Local\Programs\Eclipse Adoptium\jdk-17.0.9.9-hotspot\bin;C:\Users\bryan\AppData\Local\Programs\Python\Python310\Scripts\;C:\Users\bryan\AppData\Local\Programs\Python\Python310\;C:\Users\bryan\AppData\Local\Programs\Python\Launcher\;C:\Users\bryan\AppData\Local\Programs\Python\Python39\Scripts\;C:\Users\bryan\AppData\Local\Programs\Python\Python39\;C:\Users\bryan\AppData\Local\Microsoft\WindowsApps;C:\Users\bryan\AppData\Local\Programs\Microsoft VS Code\bin;C:\Users\bryan\AppData\Roaming\nvm;C:\Program Files\nodejs;C:\Program Files\Azure Data Studio\bin;C:\Users\bryan\.dotnet\tools;C:\Users\bryan\AppData\Local\GitHubDesktop\bin;C:\Users\bryan\AppData\Roaming\npm
USERNAME=bryan
OS=Windows_NT
PROCESSOR_IDENTIFIER=AMD64 Family 23 Model 96 Stepping 1, AuthenticAMD
TMP=C:\Users\bryan\AppData\Local\Temp
TEMP=C:\Users\bryan\AppData\Local\Temp



Periodic native trim disabled


---------------  S Y S T E M  ---------------

OS:
 Windows 11 , 64 bit Build 22621 (10.0.22621.3085)
OS uptime: 0 days 17:22 hours

CPU: total 12 (initial active 12) (12 cores per cpu, 2 threads per core) family 23 model 96 stepping 1 microcode 0x0, cx8, cmov, fxsr, ht, mmx, 3dnowpref, sse, sse2, sse3, ssse3, sse4a, sse4.1, sse4.2, popcnt, lzcnt, tsc, tscinvbit, avx, avx2, aes, clmul, bmi1, bmi2, adx, sha, fma, vzeroupper, clflush, clflushopt
Processor Information for processor 0
  Max Mhz: 3000, Current Mhz: 3000, Mhz Limit: 3000
Processor Information for processor 1
  Max Mhz: 3000, Current Mhz: 3000, Mhz Limit: 3000
Processor Information for processor 2
  Max Mhz: 3000, Current Mhz: 3000, Mhz Limit: 3000
Processor Information for processor 3
  Max Mhz: 3000, Current Mhz: 3000, Mhz Limit: 3000
Processor Information for processor 4
  Max Mhz: 3000, Current Mhz: 3000, Mhz Limit: 3000
Processor Information for processor 5
  Max Mhz: 3000, Current Mhz: 3000, Mhz Limit: 3000
Processor Information for processor 6
  Max Mhz: 3000, Current Mhz: 1400, Mhz Limit: 3000
Processor Information for processor 7
  Max Mhz: 3000, Current Mhz: 1400, Mhz Limit: 3000
Processor Information for processor 8
  Max Mhz: 3000, Current Mhz: 1400, Mhz Limit: 3000
Processor Information for processor 9
  Max Mhz: 3000, Current Mhz: 1400, Mhz Limit: 3000
Processor Information for processor 10
  Max Mhz: 3000, Current Mhz: 1400, Mhz Limit: 3000
Processor Information for processor 11
  Max Mhz: 3000, Current Mhz: 1400, Mhz Limit: 3000

Memory: 4k page, system-wide physical 7541M (517M free)
TotalPageFile size 31068M (AvailPageFile size 90M)
current process WorkingSet (physical memory assigned to process): 11M, peak: 11M
current process commit charge ("private bytes"): 64M, peak: 182M

vm_info: OpenJDK 64-Bit Server VM (17.0.9+9) for windows-amd64 JRE (17.0.9+9), built on Oct 26 2023 14:01:42 by "admin" with MS VC++ 16.10 / 16.11 (VS2019)

END.
